<?xml version="1.0" encoding="UTF-8"?>
<testng-results ignored="0" total="1" passed="1" failed="0" skipped="0">
  <reporter-output>
  </reporter-output>
  <suite started-at="2023-11-08T02:09:26Z" name="Surefire suite" finished-at="2023-11-08T02:09:32Z" duration-ms="5396">
    <groups>
    </groups>
    <test started-at="2023-11-08T02:09:26Z" name="Surefire test" finished-at="2023-11-08T02:09:32Z" duration-ms="5396">
      <class name="MyTest">
        <test-method signature="myTest()[pri:0, instance:MyTest@7dc222ae]" started-at="2023-11-08T02:09:27Z" name="myTest" finished-at="2023-11-08T02:09:32Z" duration-ms="5363" status="PASS">
          <reporter-output>
          </reporter-output>
        </test-method> <!-- myTest -->
      </class> <!-- MyTest -->
    </test> <!-- Surefire test -->
  </suite> <!-- Surefire suite -->
</testng-results>
